==2436== Memcheck, a memory error detector
==2436== Copyright (C) 2002-2013, and GNU GPL'd, by Julian Seward et al.
==2436== Using Valgrind-3.10.0.SVN and LibVEX; rerun with -h for copyright info
==2436== Command: ./tarea1 1
==2436== Parent PID: 2033
==2436== 
--2436-- 
--2436-- Valgrind options:
--2436--    -v
--2436--    --tool=memcheck
--2436--    --leak-check=full
--2436--    --num-callers=40
--2436--    --log-file=valgrind0.log
--2436-- Contents of /proc/version:
--2436--   Linux version 3.19.0-25-generic (buildd@lgw01-57) (gcc version 4.8.2 (Ubuntu 4.8.2-19ubuntu1) ) #26~14.04.1-Ubuntu SMP Fri Jul 24 21:18:00 UTC 2015
--2436-- Arch and hwcaps: X86, x86-mmxext-sse1-sse2
--2436-- Page sizes: currently 4096, max supported 4096
--2436-- Valgrind library directory: /usr/lib/valgrind
--2436-- Reading syms from /lib/i386-linux-gnu/ld-2.19.so
--2436--   Considering /lib/i386-linux-gnu/ld-2.19.so ..
--2436--   .. CRC mismatch (computed 19686c0d wanted 131a893d)
--2436--   Considering /usr/lib/debug/lib/i386-linux-gnu/ld-2.19.so ..
--2436--   .. CRC is valid
--2436-- Reading syms from /home/belen/Escritorio/varios/Tarea 1 EDD/T1/tarea1
--2436-- Reading syms from /usr/lib/valgrind/memcheck-x86-linux
--2436--   Considering /usr/lib/valgrind/memcheck-x86-linux ..
--2436--   .. CRC mismatch (computed e09cad6a wanted c3463efc)
--2436--    object doesn't have a symbol table
--2436--    object doesn't have a dynamic symbol table
--2436-- Scheduler: using generic scheduler lock implementation.
--2436-- Reading suppressions file: /usr/lib/valgrind/default.supp
==2436== embedded gdbserver: reading from /tmp/vgdb-pipe-from-vgdb-to-2436-by-belen-on-???
==2436== embedded gdbserver: writing to   /tmp/vgdb-pipe-to-vgdb-from-2436-by-belen-on-???
==2436== embedded gdbserver: shared mem   /tmp/vgdb-pipe-shared-mem-vgdb-2436-by-belen-on-???
==2436== 
==2436== TO CONTROL THIS PROCESS USING vgdb (which you probably
==2436== don't want to do, unless you know exactly what you're doing,
==2436== or are doing some strange experiment):
==2436==   /usr/lib/valgrind/../../bin/vgdb --pid=2436 ...command...
==2436== 
==2436== TO DEBUG THIS PROCESS USING GDB: start GDB like this
==2436==   /path/to/gdb ./tarea1
==2436== and then give GDB the following command
==2436==   target remote | /usr/lib/valgrind/../../bin/vgdb --pid=2436
==2436== --pid is optional if only one valgrind process is running
==2436== 
--2436-- REDIR: 0x4017ed0 (strlen) redirected to 0x38066872 (???)
--2436-- REDIR: 0x4017ce0 (index) redirected to 0x3806684d (???)
--2436-- Reading syms from /usr/lib/valgrind/vgpreload_core-x86-linux.so
--2436--   Considering /usr/lib/valgrind/vgpreload_core-x86-linux.so ..
--2436--   .. CRC mismatch (computed da218fa9 wanted d8f40358)
--2436--    object doesn't have a symbol table
--2436-- Reading syms from /usr/lib/valgrind/vgpreload_memcheck-x86-linux.so
--2436--   Considering /usr/lib/valgrind/vgpreload_memcheck-x86-linux.so ..
--2436--   .. CRC mismatch (computed f1cf8ee0 wanted 71765c70)
--2436--    object doesn't have a symbol table
==2436== WARNING: new redirection conflicts with existing -- ignoring it
--2436--     old: 0x04017ed0 (strlen              ) R-> (0000.0) 0x38066872 ???
--2436--     new: 0x04017ed0 (strlen              ) R-> (2007.0) 0x0402d480 strlen
--2436-- Reading syms from /lib/i386-linux-gnu/libm-2.19.so
--2436--   Considering /lib/i386-linux-gnu/libm-2.19.so ..
--2436--   .. CRC mismatch (computed e79387ba wanted 6c7b6053)
--2436--   Considering /usr/lib/debug/lib/i386-linux-gnu/libm-2.19.so ..
--2436--   .. CRC is valid
--2436-- Reading syms from /lib/i386-linux-gnu/libc-2.19.so
--2436--   Considering /lib/i386-linux-gnu/libc-2.19.so ..
--2436--   .. CRC mismatch (computed da700b2f wanted 551922c7)
--2436--   Considering /usr/lib/debug/lib/i386-linux-gnu/libc-2.19.so ..
--2436--   .. CRC is valid
--2436-- REDIR: 0x410cde0 (strnlen) redirected to 0x4024580 (_vgnU_ifunc_wrapper)
--2436-- REDIR: 0x410ed90 (strncasecmp) redirected to 0x4024580 (_vgnU_ifunc_wrapper)
--2436-- REDIR: 0x4114710 (memrchr) redirected to 0x4024580 (_vgnU_ifunc_wrapper)
--2436-- REDIR: 0x4127750 (wcslen) redirected to 0x4024580 (_vgnU_ifunc_wrapper)
--2436-- REDIR: 0x410cf90 (__GI_strrchr) redirected to 0x402ce50 (__GI_strrchr)
--2436-- REDIR: 0x410c580 (strcmp) redirected to 0x4024580 (_vgnU_ifunc_wrapper)
--2436-- REDIR: 0x41cbad0 (__strcmp_ssse3) redirected to 0x402e5b0 (strcmp)
--2436-- REDIR: 0x41086b0 (malloc) redirected to 0x402a110 (malloc)
--2436-- REDIR: 0x410ccd0 (strlen) redirected to 0x4024580 (_vgnU_ifunc_wrapper)
--2436-- REDIR: 0x4114e70 (__strlen_sse2_bsf) redirected to 0x402d3e0 (strlen)
--2436-- REDIR: 0x4110cd0 (strchrnul) redirected to 0x4030e50 (strchrnul)
--2436-- REDIR: 0x410e2d0 (__GI_memchr) redirected to 0x402e7d0 (__GI_memchr)
--2436-- REDIR: 0x410ef50 (__GI_memcpy) redirected to 0x402f090 (__GI_memcpy)
--2436-- REDIR: 0x410cd20 (__GI_strlen) redirected to 0x402d400 (__GI_strlen)
--2436-- REDIR: 0x4108c60 (free) redirected to 0x402b370 (free)
==2436== 
==2436== HEAP SUMMARY:
==2436==     in use at exit: 0 bytes in 0 blocks
==2436==   total heap usage: 10,251 allocs, 10,251 frees, 127,906 bytes allocated
==2436== 
==2436== All heap blocks were freed -- no leaks are possible
==2436== 
==2436== ERROR SUMMARY: 0 errors from 0 contexts (suppressed: 0 from 0)
==2436== ERROR SUMMARY: 0 errors from 0 contexts (suppressed: 0 from 0)
